* using log directory ‘/home/m/Dropbox/NatureSounds/NatureSounds.Rcheck’
* using R version 3.4.3 (2017-11-30)
* using platform: x86_64-pc-linux-gnu (64-bit)
* using session charset: UTF-8
* using option ‘--as-cran’
* checking for file ‘NatureSounds/DESCRIPTION’ ... OK
* checking extension type ... Package
* this is package ‘NatureSounds’ version ‘1.0.0’
* checking CRAN incoming feasibility ... NOTE
Maintainer: ‘Marcelo Araya-Salas <araya-salas@cornell.edu>’

New submission

Package has a VignetteBuilder field but no prebuilt vignette index.

Found the following (possibly) invalid URLs:
  URL: https://github.com/maRce10/AnimalSounds
    From: DESCRIPTION
    Status: 404
    Message: Not Found
  URL: https://github.com/maRce10/AnimalSounds/issues
    From: DESCRIPTION
    Status: 404
    Message: Not Found

The Title field should be in title case, current version then in title case:
‘Animal sounds for bioacustic analysis’
‘Animal Sounds for Bioacustic Analysis’

The build time stamp is missing.
* checking package namespace information ... OK
* checking package dependencies ... OK
* checking if this is a source package ... OK
* checking if there is a namespace ... OK
* checking for executable files ... OK
* checking for hidden files and directories ... NOTE
Found the following hidden files and directories:
  .gitignore
  .Rproj.user
These were most likely included in error. See section ‘Package
structure’ in the ‘Writing R Extensions’ manual.

CRAN-pack knows about all of these
* checking for portable file names ... NOTE
Found the following non-portable file paths:
  NatureSounds/.Rproj.user/shared/notebooks/468E620E-testing-checking-NatureSounds-feb-18/1/6ED36D4B/chunks.json
  NatureSounds/.Rproj.user/shared/notebooks/468E620E-testing-checking-NatureSounds-feb-18/1/s/chunks.json

Tarballs are only required to store paths of up to 100 bytes and cannot
store those of more than 256 bytes, with restrictions including to 100
bytes for the final component.
See section ‘Package structure’ in the ‘Writing R Extensions’ manual.
* checking for sufficient/correct file permissions ... OK
* checking whether package ‘NatureSounds’ can be installed ... OK
* checking installed package size ... OK
* checking package directory ... OK
* checking DESCRIPTION meta-information ... NOTE
Checking should be performed on sources prepared by ‘R CMD build’.
* checking top-level files ... NOTE
Non-standard files/directories found at top level:
  ‘NatureSounds.Rcheck’ ‘NatureSounds.Rproj’
* checking for left-over files ... OK
* checking index information ... OK
* checking package subdirectories ... WARNING
Found the following directory with the name of a check directory:
  ./NatureSounds.Rcheck
Most likely, these were included erroneously.
Found the following CITATION file in a non-standard place:
  NatureSounds.Rcheck/NatureSounds/CITATION
Most likely ‘inst/CITATION’ should be used instead.
* checking R files for non-ASCII characters ... OK
* checking R files for syntax errors ... OK
* checking whether the package can be loaded ... OK
* checking whether the package can be loaded with stated dependencies ... OK
* checking whether the package can be unloaded cleanly ... OK
* checking whether the namespace can be loaded with stated dependencies ... OK
* checking whether the namespace can be unloaded cleanly ... OK
* checking loading without being on the library search path ... OK
* checking use of S3 registration ... OK
* checking dependencies in R code ... OK
* checking S3 generic/method consistency ... OK
* checking replacement functions ... OK
* checking foreign function calls ... OK
* checking R code for possible problems ... OK
* checking Rd files ... OK
* checking Rd metadata ... OK
* checking Rd line widths ... OK
* checking Rd cross-references ... OK
* checking for missing documentation entries ... OK
* checking for code/documentation mismatches ... OK
* checking Rd \usage sections ... OK
* checking Rd contents ... OK
* checking for unstated dependencies in examples ... OK
* checking contents of ‘data’ directory ... OK
* checking data for non-ASCII characters ... OK
* checking data for ASCII and uncompressed saves ... WARNING
  
  Note: significantly better compression could be obtained
        by using R CMD build --resave-data
                 old_size new_size compress
  Cryp.soui.rda     172Kb    123Kb       xz
  Phae.long1.rda    124Kb     90Kb       xz
  Phae.long2.rda     76Kb     53Kb       xz
  Phae.long3.rda     94Kb     63Kb       xz
  Phae.long4.rda    149Kb    105Kb       xz
* checking files in ‘vignettes’ ... OK
* checking examples ... NONE
* checking PDF version of manual ... OK
* DONE
Status: 2 WARNINGs, 5 NOTEs
